11:11:04.647 Selected environment is:  dev 
11:11:04.818 [print] ######### --  verify token  -- #########
11:11:05.012 request:
1 > GET https://supervillain.herokuapp.com/auth/verifytoken
1 > Accept-Encoding: gzip,deflate
1 > Authorization: eyJhbGciOiJIUzUxMiIsInR5cCI6IkpXVCJ9.eyJrZXkiOiJIYWl0aGFtS2V5IiwiZW1haWwiOiJoYWl0aGFtLml0ODBAZ21haWwuY29tIiwiaWF0IjoxNjQ2NDM0MTE1LCJleHAiOjE2NDY2OTMzMTV9.l_FOViVFz6zKFJlzMhUOTXgNyVbuc3ZDxYokCoRdrU5PJyvZs2ljO-Z6Pfs6GAqXDtzIgqKJbv_PtluXh-fCoA
1 > Connection: Keep-Alive
1 > Host: supervillain.herokuapp.com
1 > User-Agent: Apache-HttpClient/4.5.12 (Java/11.0.12)

11:11:07.857 response time in milliseconds: 2840.82
1 < 200
1 < Access-Control-Allow-Origin: *
1 < Connection: keep-alive
1 < Content-Length: 35
1 < Content-Type: application/json; charset=utf-8
1 < Date: Sun, 06 Mar 2022 00:11:06 GMT
1 < Etag: W/"23-EwZXcTNkCavYzo6XM0HRbCZ+P8g"
1 < Server: Cowboy
1 < Via: 1.1 vegur
1 < X-Powered-By: Express
[{"app_id":641,"app":"HaithamKey"}]

11:11:07.955 request:
1 > POST https://supervillain.herokuapp.com/auth/user/register
1 > Accept-Encoding: gzip,deflate
1 > Authorization: eyJhbGciOiJIUzUxMiIsInR5cCI6IkpXVCJ9.eyJrZXkiOiJIYWl0aGFtS2V5IiwiZW1haWwiOiJoYWl0aGFtLml0ODBAZ21haWwuY29tIiwiaWF0IjoxNjQ2NDM0MTE1LCJleHAiOjE2NDY2OTMzMTV9.l_FOViVFz6zKFJlzMhUOTXgNyVbuc3ZDxYokCoRdrU5PJyvZs2ljO-Z6Pfs6GAqXDtzIgqKJbv_PtluXh-fCoA
1 > Connection: Keep-Alive
1 > Content-Length: 40
1 > Content-Type: application/json; charset=UTF-8
1 > Host: supervillain.herokuapp.com
1 > User-Agent: Apache-HttpClient/4.5.12 (Java/11.0.12)
{"username":"haitham1","password":"123"}

11:11:09.339 response time in milliseconds: 1383.06
1 < 200
1 < Access-Control-Allow-Origin: *
1 < Connection: keep-alive
1 < Content-Length: 0
1 < Content-Type: application/json; charset=utf-8
1 < Date: Sun, 06 Mar 2022 00:11:08 GMT
1 < Server: Cowboy
1 < Via: 1.1 vegur
1 < X-Powered-By: Express


11:11:09.386 request:
1 > POST https://supervillain.herokuapp.com/auth/user/login
1 > Accept-Encoding: gzip,deflate
1 > Authorization: eyJhbGciOiJIUzUxMiIsInR5cCI6IkpXVCJ9.eyJrZXkiOiJIYWl0aGFtS2V5IiwiZW1haWwiOiJoYWl0aGFtLml0ODBAZ21haWwuY29tIiwiaWF0IjoxNjQ2NDM0MTE1LCJleHAiOjE2NDY2OTMzMTV9.l_FOViVFz6zKFJlzMhUOTXgNyVbuc3ZDxYokCoRdrU5PJyvZs2ljO-Z6Pfs6GAqXDtzIgqKJbv_PtluXh-fCoA
1 > Connection: Keep-Alive
1 > Content-Length: 40
1 > Content-Type: application/json; charset=UTF-8
1 > Host: supervillain.herokuapp.com
1 > User-Agent: Apache-HttpClient/4.5.12 (Java/11.0.12)
{"username":"haitham1","password":"123"}

11:11:10.786 response time in milliseconds: 1399.53
1 < 200
1 < Access-Control-Allow-Origin: *
1 < Connection: keep-alive
1 < Content-Length: 259
1 < Content-Type: application/json; charset=utf-8
1 < Date: Sun, 06 Mar 2022 00:11:09 GMT
1 < Etag: W/"103-yxsmd52N9ILHMZqBoPtYSn1nfqs"
1 < Server: Cowboy
1 < Via: 1.1 vegur
1 < X-Powered-By: Express
{"token":"eyJhbGciOiJIUzUxMiIsInR5cCI6IkpXVCJ9.eyJ1c2VybmFtZSI6ImhhaXRoYW0xIiwiZXhwaXJlc0luIjoiMyBtaW4iLCJpYXQiOjE2NDY1MjU0NjksImV4cCI6MTY0NjUyNTY0OX0.eKK4FoCTVo8P0U8pyj8t8RcV7RKgVqQEB1DYSn4fuC3VqDXXRhjN2OvHUfVesThAVrlSpkI9y333KJYJtGt_WA","expiresIn":"3 min"}

11:11:10.837 request:
1 > GET https://supervillain.herokuapp.com/v1/user
1 > Accept-Encoding: gzip,deflate
1 > Authorization: eyJhbGciOiJIUzUxMiIsInR5cCI6IkpXVCJ9.eyJrZXkiOiJIYWl0aGFtS2V5IiwiZW1haWwiOiJoYWl0aGFtLml0ODBAZ21haWwuY29tIiwiaWF0IjoxNjQ2NDM0MTE1LCJleHAiOjE2NDY2OTMzMTV9.l_FOViVFz6zKFJlzMhUOTXgNyVbuc3ZDxYokCoRdrU5PJyvZs2ljO-Z6Pfs6GAqXDtzIgqKJbv_PtluXh-fCoA
1 > Connection: Keep-Alive
1 > Host: supervillain.herokuapp.com
1 > User-Agent: Apache-HttpClient/4.5.12 (Java/11.0.12)

11:11:12.272 response time in milliseconds: 1432.28
1 < 200
1 < Access-Control-Allow-Origin: *
1 < Connection: keep-alive
1 < Content-Length: 233
1 < Content-Type: application/json; charset=utf-8
1 < Date: Sun, 06 Mar 2022 00:11:11 GMT
1 < Etag: W/"e9-PSSKLhY9m046zLFjHXgSPycaFjw"
1 < Server: Cowboy
1 < Via: 1.1 vegur
1 < X-Powered-By: Express
[{"username":"test15","score":100},{"username":"test16","score":100},{"username":"test17","score":100},{"username":"test18","score":100},{"username":"test13","score":0},{"username":"test14","score":0},{"username":"test11","score":0}]

11:11:12.349 request:
1 > POST https://supervillain.herokuapp.com/v1/user
1 > Accept-Encoding: gzip,deflate
1 > Authorization: eyJhbGciOiJIUzUxMiIsInR5cCI6IkpXVCJ9.eyJrZXkiOiJIYWl0aGFtS2V5IiwiZW1haWwiOiJoYWl0aGFtLml0ODBAZ21haWwuY29tIiwiaWF0IjoxNjQ2NDM0MTE1LCJleHAiOjE2NDY2OTMzMTV9.l_FOViVFz6zKFJlzMhUOTXgNyVbuc3ZDxYokCoRdrU5PJyvZs2ljO-Z6Pfs6GAqXDtzIgqKJbv_PtluXh-fCoA
1 > Connection: Keep-Alive
1 > Content-Length: 33
1 > Content-Type: application/json; charset=UTF-8
1 > Host: supervillain.herokuapp.com
1 > User-Agent: Apache-HttpClient/4.5.12 (Java/11.0.12)
{"username":"haitham1","score":0}

11:11:13.875 response time in milliseconds: 1524.67
1 < 201
1 < Access-Control-Allow-Origin: *
1 < Connection: keep-alive
1 < Content-Length: 44
1 < Content-Type: application/json; charset=utf-8
1 < Date: Sun, 06 Mar 2022 00:11:12 GMT
1 < Etag: W/"2c-Ne7/VH8/Qgve0R5CLf3Mr+gUUVI"
1 < Server: Cowboy
1 < Via: 1.1 vegur
1 < X-Powered-By: Express
{"status":"success","message":"User added."}

11:11:13.943 request:
1 > PUT https://supervillain.herokuapp.com/v1/user
1 > Accept-Encoding: gzip,deflate
1 > Authorization: eyJhbGciOiJIUzUxMiIsInR5cCI6IkpXVCJ9.eyJrZXkiOiJIYWl0aGFtS2V5IiwiZW1haWwiOiJoYWl0aGFtLml0ODBAZ21haWwuY29tIiwiaWF0IjoxNjQ2NDM0MTE1LCJleHAiOjE2NDY2OTMzMTV9.l_FOViVFz6zKFJlzMhUOTXgNyVbuc3ZDxYokCoRdrU5PJyvZs2ljO-Z6Pfs6GAqXDtzIgqKJbv_PtluXh-fCoA
1 > Connection: Keep-Alive
1 > Content-Length: 35
1 > Content-Type: application/json; charset=UTF-8
1 > Host: supervillain.herokuapp.com
1 > User-Agent: Apache-HttpClient/4.5.12 (Java/11.0.12)
{"username":"haitham1","score":100}

11:11:15.312 response time in milliseconds: 1368.36
1 < 204
1 < Access-Control-Allow-Origin: *
1 < Connection: keep-alive
1 < Content-Length: 0
1 < Date: Sun, 06 Mar 2022 00:11:14 GMT
1 < Server: Cowboy
1 < Via: 1.1 vegur
1 < X-Powered-By: Express

